<?xml version="1.0" encoding="UTF-8"?>
<testng-results skipped="0" failed="0" ignored="0" total="1" passed="1">
  <reporter-output>
  </reporter-output>
  <suite name="Default suite" duration-ms="8825" started-at="2021-02-20T18:04:47 IST" finished-at="2021-02-20T18:04:56 IST">
    <groups>
    </groups>
    <test name="Default test" duration-ms="8825" started-at="2021-02-20T18:04:47 IST" finished-at="2021-02-20T18:04:56 IST">
      <class name="RestAssuredProject.RestAssuredProject.Test01_Get">
        <test-method status="PASS" signature="test_01()[pri:0, instance:RestAssuredProject.RestAssuredProject.Test01_Get@3b084709]" name="test_01" duration-ms="8741" started-at="2021-02-20T18:04:47 IST" finished-at="2021-02-20T18:04:56 IST">
          <reporter-output>
          </reporter-output>
        </test-method> <!-- test_01 -->
      </class> <!-- RestAssuredProject.RestAssuredProject.Test01_Get -->
    </test> <!-- Default test -->
  </suite> <!-- Default suite -->
</testng-results>
